Using pre-set license
Built from '2021.3/staging' branch; Version is '2021.3.4f1 (cb45f9cae8b7) revision 13321721'; Using compiler version '192829333'; Build Type 'Release'
OS: 'Windows 11  (10.0.22000) 64bit Core' Language: 'fr' Physical Memory: 16121 MB
BatchMode: 1, IsHumanControllingUs: 0, StartBugReporterOnCrash: 0, Is64bit: 1, IsPro: 1

COMMAND LINE ARGUMENTS:
C:\Program Files\Unity\Hub\Editor\2021.3.4f1\Editor\Unity.exe
-adb2
-batchMode
-noUpm
-name
AssetImportWorker3
-projectPath
C:/Users/mengl/Galactic Arche
-logFile
Logs/AssetImportWorker3.log
-srvPort
54861
Successfully changed project path to: C:/Users/mengl/Galactic Arche
C:/Users/mengl/Galactic Arche
[UnityMemory] Configuration Parameters - Can be set up in boot.config
    "memorysetup-bucket-allocator-granularity=16"
    "memorysetup-bucket-allocator-bucket-count=8"
    "memorysetup-bucket-allocator-block-size=33554432"
    "memorysetup-bucket-allocator-block-count=8"
    "memorysetup-main-allocator-block-size=16777216"
    "memorysetup-thread-allocator-block-size=16777216"
    "memorysetup-gfx-main-allocator-block-size=16777216"
    "memorysetup-gfx-thread-allocator-block-size=16777216"
    "memorysetup-cache-allocator-block-size=4194304"
    "memorysetup-typetree-allocator-block-size=2097152"
    "memorysetup-profiler-bucket-allocator-granularity=16"
    "memorysetup-profiler-bucket-allocator-bucket-count=8"
    "memorysetup-profiler-bucket-allocator-block-size=33554432"
    "memorysetup-profiler-bucket-allocator-block-count=8"
    "memorysetup-profiler-allocator-block-size=16777216"
    "memorysetup-profiler-editor-allocator-block-size=1048576"
    "memorysetup-temp-allocator-size-main=16777216"
    "memorysetup-job-temp-allocator-block-size=2097152"
    "memorysetup-job-temp-allocator-block-size-background=1048576"
    "memorysetup-job-temp-allocator-reduction-small-platforms=262144"
    "memorysetup-temp-allocator-size-background-worker=32768"
    "memorysetup-temp-allocator-size-job-worker=262144"
    "memorysetup-temp-allocator-size-preload-manager=33554432"
    "memorysetup-temp-allocator-size-nav-mesh-worker=65536"
    "memorysetup-temp-allocator-size-audio-worker=65536"
    "memorysetup-temp-allocator-size-cloud-worker=32768"
    "memorysetup-temp-allocator-size-gi-baking-worker=262144"
    "memorysetup-temp-allocator-size-gfx=262144"
Refreshing native plugins compatible for Editor in 86.55 ms, found 4 plugins.
Preloading 0 native plugins for Editor in 0.00 ms.
Initialize engine version: 2021.3.4f1 (cb45f9cae8b7)
[Subsystems] Discovering subsystems at path C:/Program Files/Unity/Hub/Editor/2021.3.4f1/Editor/Data/Resources/UnitySubsystems
[Subsystems] Discovering subsystems at path C:/Users/mengl/Galactic Arche/Assets
GfxDevice: creating device client; threaded=0; jobified=0
Direct3D:
    Version:  Direct3D 11.0 [level 11.1]
    Renderer: NVIDIA GeForce RTX 3070 (ID=0x2484)
    Vendor:   NVIDIA
    VRAM:     8043 MB
    Driver:   30.0.14.9649
Initialize mono
Mono path[0] = 'C:/Program Files/Unity/Hub/Editor/2021.3.4f1/Editor/Data/Managed'
Mono path[1] = 'C:/Program Files/Unity/Hub/Editor/2021.3.4f1/Editor/Data/MonoBleedingEdge/lib/mono/unityjit-win32'
Mono config path = 'C:/Program Files/Unity/Hub/Editor/2021.3.4f1/Editor/Data/MonoBleedingEdge/etc'
Using monoOptions --debugger-agent=transport=dt_socket,embedding=1,server=y,suspend=n,address=127.0.0.1:56804
Begin MonoManager ReloadAssembly
Registering precompiled unity dll's ...
Register platform support module: C:/Program Files/Unity/Hub/Editor/2021.3.4f1/Editor/Data/PlaybackEngines/WebGLSupport/UnityEditor.WebGL.Extensions.dll
Register platform support module: C:/Program Files/Unity/Hub/Editor/2021.3.4f1/Editor/Data/PlaybackEngines/WindowsStandaloneSupport/UnityEditor.WindowsStandalone.Extensions.dll
Registered in 0.006996 seconds.
Native extension for WindowsStandalone target not found
Native extension for WebGL target not found
Refreshing native plugins compatible for Editor in 78.36 ms, found 4 plugins.
Preloading 0 native plugins for Editor in 0.00 ms.
Mono: successfully reloaded assembly
- Completed reload, in  0.550 seconds
Domain Reload Profiling:
	ReloadAssembly (551ms)
		BeginReloadAssembly (72ms)
			ExecutionOrderSort (0ms)
			DisableScriptedObjects (0ms)
			BackupInstance (0ms)
			ReleaseScriptingObjects (0ms)
			CreateAndSetChildDomain (1ms)
		EndReloadAssembly (389ms)
			LoadAssemblies (70ms)
			RebuildTransferFunctionScriptingTraits (0ms)
			SetupTypeCache (82ms)
			ReleaseScriptCaches (0ms)
			RebuildScriptCaches (23ms)
			SetupLoadedEditorAssemblies (239ms)
				LogAssemblyErrors (0ms)
				InitializePlatformSupportModulesInManaged (7ms)
				SetLoadedEditorAssemblies (0ms)
				RefreshPlugins (78ms)
				BeforeProcessingInitializeOnLoad (1ms)
				ProcessInitializeOnLoadAttributes (115ms)
				ProcessInitializeOnLoadMethodAttributes (37ms)
				AfterProcessingInitializeOnLoad (0ms)
				EditorAssembliesLoaded (0ms)
			ExecutionOrderSort2 (0ms)
			AwakeInstancesAfterBackupRestoration (0ms)
Platform modules already initialized, skipping
Registering precompiled user dll's ...
Registered in 0.007966 seconds.
Begin MonoManager ReloadAssembly
Symbol file LoadedFromMemory doesn't match image C:\Users\mengl\Galactic Arche\Library\PackageCache\com.unity.visualscripting@1.7.8\Editor\VisualScripting.Core\Dependencies\YamlDotNet\Unity.VisualScripting.YamlDotNet.dll
Symbol file LoadedFromMemory doesn't match image C:\Users\mengl\Galactic Arche\Library\PackageCache\com.unity.visualscripting@1.7.8\Editor\VisualScripting.Core\Dependencies\DotNetZip\Unity.VisualScripting.IonicZip.dll
Native extension for WindowsStandalone target not found
Native extension for WebGL target not found
Refreshing native plugins compatible for Editor in 75.23 ms, found 4 plugins.
Preloading 0 native plugins for Editor in 0.00 ms.
Mono: successfully reloaded assembly
- Completed reload, in  1.019 seconds
Domain Reload Profiling:
	ReloadAssembly (1020ms)
		BeginReloadAssembly (93ms)
			ExecutionOrderSort (0ms)
			DisableScriptedObjects (4ms)
			BackupInstance (0ms)
			ReleaseScriptingObjects (0ms)
			CreateAndSetChildDomain (16ms)
		EndReloadAssembly (820ms)
			LoadAssemblies (77ms)
			RebuildTransferFunctionScriptingTraits (0ms)
			SetupTypeCache (202ms)
			ReleaseScriptCaches (1ms)
			RebuildScriptCaches (56ms)
			SetupLoadedEditorAssemblies (439ms)
				LogAssemblyErrors (0ms)
				InitializePlatformSupportModulesInManaged (5ms)
				SetLoadedEditorAssemblies (0ms)
				RefreshPlugins (75ms)
				BeforeProcessingInitializeOnLoad (106ms)
				ProcessInitializeOnLoadAttributes (205ms)
				ProcessInitializeOnLoadMethodAttributes (37ms)
				AfterProcessingInitializeOnLoad (9ms)
				EditorAssembliesLoaded (0ms)
			ExecutionOrderSort2 (0ms)
			AwakeInstancesAfterBackupRestoration (6ms)
Platform modules already initialized, skipping
========================================================================
Worker process is ready to serve import requests
Launched and connected shader compiler UnityShaderCompiler.exe after 0.07 seconds
Refreshing native plugins compatible for Editor in 1.04 ms, found 4 plugins.
Preloading 0 native plugins for Editor in 0.00 ms.
Unloading 4074 Unused Serialized files (Serialized files now loaded: 0)
Unloading 38 unused Assets / (55.3 KB). Loaded Objects now: 4531.
Memory consumption went from 153.3 MB to 153.2 MB.
Total: 2.756300 ms (FindLiveObjects: 0.277800 ms CreateObjectMapping: 0.270800 ms MarkObjects: 2.128400 ms  DeleteObjects: 0.078100 ms)

AssetImportParameters requested are different than current active one (requested -> active):
  custom:video-decoder-ogg-theora: a1e56fd34408186e4bbccfd4996cb3dc -> 
  custom:container-muxer-webm: aa71ff27fc2769a1b78a27578f13a17b -> 
  custom:container-demuxer-webm: 4f35f7cbe854078d1ac9338744f61a02 -> 
  custom:video-encoder-webm-vp8: eb34c28f22e8b96e1ab97ce403110664 -> 
  custom:video-codec-MediaFoundation-h265: 746d11721c4dcdbdad8f713fa42b33f4 -> 
  custom:audio-encoder-webm-vorbis: bf7c407c2cedff20999df2af8eb42d56 -> 
  custom:framework-win-MediaFoundation: 216162199b28c13a410421893ffa2e32 -> 
  custom:container-demuxer-ogg: 62fdf1f143b41e24485cea50d1cbac27 -> 
  custom:video-decoder-webm-vp8: 9c59270c3fd7afecdb556c50c9e8de78 -> 
  custom:audio-decoder-ogg-vorbis: bf7c407c2cedff20999df2af8eb42d56 -> 
========================================================================
Received Prepare
Refreshing native plugins compatible for Editor in 10.22 ms, found 4 plugins.
Preloading 0 native plugins for Editor in 0.00 ms.
Unloading 25 Unused Serialized files (Serialized files now loaded: 0)
Unloading 25 unused Assets / (21.9 KB). Loaded Objects now: 4531.
Memory consumption went from 70.6 MB to 70.6 MB.
Total: 2.571000 ms (FindLiveObjects: 0.280100 ms CreateObjectMapping: 0.154500 ms MarkObjects: 2.109900 ms  DeleteObjects: 0.025100 ms)

AssetImportParameters requested are different than current active one (requested -> active):
  custom:video-decoder-ogg-theora: a1e56fd34408186e4bbccfd4996cb3dc -> 
  custom:container-muxer-webm: aa71ff27fc2769a1b78a27578f13a17b -> 
  custom:container-demuxer-webm: 4f35f7cbe854078d1ac9338744f61a02 -> 
  custom:video-encoder-webm-vp8: eb34c28f22e8b96e1ab97ce403110664 -> 
  custom:video-codec-MediaFoundation-h265: 746d11721c4dcdbdad8f713fa42b33f4 -> 
  custom:audio-encoder-webm-vorbis: bf7c407c2cedff20999df2af8eb42d56 -> 
  custom:framework-win-MediaFoundation: 216162199b28c13a410421893ffa2e32 -> 
  custom:container-demuxer-ogg: 62fdf1f143b41e24485cea50d1cbac27 -> 
  custom:video-decoder-webm-vp8: 9c59270c3fd7afecdb556c50c9e8de78 -> 
  custom:audio-decoder-ogg-vorbis: bf7c407c2cedff20999df2af8eb42d56 -> 
========================================================================
Received Prepare
Registering precompiled user dll's ...
Registered in 0.007831 seconds.
Begin MonoManager ReloadAssembly
Symbol file LoadedFromMemory doesn't match image C:\Users\mengl\Galactic Arche\Library\PackageCache\com.unity.visualscripting@1.7.8\Editor\VisualScripting.Core\Dependencies\YamlDotNet\Unity.VisualScripting.YamlDotNet.dll
Symbol file LoadedFromMemory doesn't match image C:\Users\mengl\Galactic Arche\Library\PackageCache\com.unity.visualscripting@1.7.8\Editor\VisualScripting.Core\Dependencies\DotNetZip\Unity.VisualScripting.IonicZip.dll
Native extension for WindowsStandalone target not found
Native extension for WebGL target not found
Refreshing native plugins compatible for Editor in 63.47 ms, found 3 plugins.
Preloading 0 native plugins for Editor in 0.00 ms.
Mono: successfully reloaded assembly
- Completed reload, in  0.862 seconds
Domain Reload Profiling:
	ReloadAssembly (862ms)
		BeginReloadAssembly (144ms)
			ExecutionOrderSort (0ms)
			DisableScriptedObjects (7ms)
			BackupInstance (0ms)
			ReleaseScriptingObjects (0ms)
			CreateAndSetChildDomain (45ms)
		EndReloadAssembly (629ms)
			LoadAssemblies (95ms)
			RebuildTransferFunctionScriptingTraits (0ms)
			SetupTypeCache (180ms)
			ReleaseScriptCaches (1ms)
			RebuildScriptCaches (29ms)
			SetupLoadedEditorAssemblies (305ms)
				LogAssemblyErrors (0ms)
				InitializePlatformSupportModulesInManaged (14ms)
				SetLoadedEditorAssemblies (0ms)
				RefreshPlugins (64ms)
				BeforeProcessingInitializeOnLoad (59ms)
				ProcessInitializeOnLoadAttributes (144ms)
				ProcessInitializeOnLoadMethodAttributes (19ms)
				AfterProcessingInitializeOnLoad (7ms)
				EditorAssembliesLoaded (0ms)
			ExecutionOrderSort2 (0ms)
			AwakeInstancesAfterBackupRestoration (5ms)
Platform modules already initialized, skipping
Refreshing native plugins compatible for Editor in 1.58 ms, found 3 plugins.
Preloading 0 native plugins for Editor in 0.00 ms.
Unloading 3246 Unused Serialized files (Serialized files now loaded: 0)
Unloading 297 unused Assets / (24.7 KB). Loaded Objects now: 4254.
Memory consumption went from 134.4 MB to 134.4 MB.
Total: 2.317700 ms (FindLiveObjects: 0.262900 ms CreateObjectMapping: 0.152400 ms MarkObjects: 1.826300 ms  DeleteObjects: 0.075200 ms)

AssetImportParameters requested are different than current active one (requested -> active):
  custom:video-decoder-ogg-theora: a1e56fd34408186e4bbccfd4996cb3dc -> 
  custom:container-muxer-webm: aa71ff27fc2769a1b78a27578f13a17b -> 
  custom:container-demuxer-webm: 4f35f7cbe854078d1ac9338744f61a02 -> 
  custom:video-encoder-webm-vp8: eb34c28f22e8b96e1ab97ce403110664 -> 
  custom:video-codec-MediaFoundation-h265: 746d11721c4dcdbdad8f713fa42b33f4 -> 
  custom:audio-encoder-webm-vorbis: bf7c407c2cedff20999df2af8eb42d56 -> 
  custom:framework-win-MediaFoundation: 216162199b28c13a410421893ffa2e32 -> 
  custom:container-demuxer-ogg: 62fdf1f143b41e24485cea50d1cbac27 -> 
  custom:video-decoder-webm-vp8: 9c59270c3fd7afecdb556c50c9e8de78 -> 
  custom:audio-decoder-ogg-vorbis: bf7c407c2cedff20999df2af8eb42d56 -> 
========================================================================
Received Import Request.
  Time since last request: 620344.754260 seconds.
  path: Assets/Clean Vector Icons/T_1_anvil_.png
  artifactKey: Guid(6886db5fac1305b4d82a95ca744de0c7) Importer(815301076,1909f56bfc062723c751e8b465ee728b)
Start importing Assets/Clean Vector Icons/T_1_anvil_.png using Guid(6886db5fac1305b4d82a95ca744de0c7) Importer(815301076,1909f56bfc062723c751e8b465ee728b)  -> (artifact id: '3f62fb6a8d7ca7b616e6a758be068254') in 0.178945 seconds 
========================================================================
Received Import Request.
  Time since last request: 0.000033 seconds.
  path: Assets/Clean Vector Icons/T_4_frost_.png
  artifactKey: Guid(c27014685dc9aee42800f1851d0d6e6d) Importer(815301076,1909f56bfc062723c751e8b465ee728b)
Start importing Assets/Clean Vector Icons/T_4_frost_.png using Guid(c27014685dc9aee42800f1851d0d6e6d) Importer(815301076,1909f56bfc062723c751e8b465ee728b)  -> (artifact id: '005148f29688598dd4dc4a9f3a6d1ba9') in 0.033029 seconds 
========================================================================
Received Import Request.
  Time since last request: 0.000030 seconds.
  path: Assets/Clean Vector Icons/T_3_bottle_full_.png
  artifactKey: Guid(9967dc9c6c023804490a2f656ff50533) Importer(815301076,1909f56bfc062723c751e8b465ee728b)
Start importing Assets/Clean Vector Icons/T_3_bottle_full_.png using Guid(9967dc9c6c023804490a2f656ff50533) Importer(815301076,1909f56bfc062723c751e8b465ee728b)  -> (artifact id: '1c5bcc2c6f6c4b153d2dc2376bdf2a78') in 0.029298 seconds 
========================================================================
Received Import Request.
  Time since last request: 0.000022 seconds.
  path: Assets/Clean Vector Icons/T_3_letter_eye_.png
  artifactKey: Guid(04778ce2ab74b5b4abbda109ef29a9d9) Importer(815301076,1909f56bfc062723c751e8b465ee728b)
Start importing Assets/Clean Vector Icons/T_3_letter_eye_.png using Guid(04778ce2ab74b5b4abbda109ef29a9d9) Importer(815301076,1909f56bfc062723c751e8b465ee728b)  -> (artifact id: '430192594c4923fd5526663bc72d07ff') in 0.027142 seconds 
========================================================================
Received Import Request.
  Time since last request: 0.000023 seconds.
  path: Assets/Clean Vector Icons/T_6_cloud_.png
  artifactKey: Guid(6de84b3b23aed7c44bbf4fa283ffb05e) Importer(815301076,1909f56bfc062723c751e8b465ee728b)
Start importing Assets/Clean Vector Icons/T_6_cloud_.png using Guid(6de84b3b23aed7c44bbf4fa283ffb05e) Importer(815301076,1909f56bfc062723c751e8b465ee728b)  -> (artifact id: '82e0655a8d2674062f1f0cb26fbed4e0') in 0.030757 seconds 
========================================================================
Received Import Request.
  Time since last request: 0.000018 seconds.
  path: Assets/Clean Vector Icons/T_5_column_sound2_.png
  artifactKey: Guid(4487209fdda91154da619301adb9e6c4) Importer(815301076,1909f56bfc062723c751e8b465ee728b)
Start importing Assets/Clean Vector Icons/T_5_column_sound2_.png using Guid(4487209fdda91154da619301adb9e6c4) Importer(815301076,1909f56bfc062723c751e8b465ee728b)  -> (artifact id: 'b932eeea4691b94a54c019e68d5860fe') in 0.028438 seconds 
========================================================================
Received Import Request.
  Time since last request: 0.000029 seconds.
  path: Assets/Clean Vector Icons/T_4_sword_saw_.png
  artifactKey: Guid(d54a9728519c5d54bbe09aff5bd95284) Importer(815301076,1909f56bfc062723c751e8b465ee728b)
Start importing Assets/Clean Vector Icons/T_4_sword_saw_.png using Guid(d54a9728519c5d54bbe09aff5bd95284) Importer(815301076,1909f56bfc062723c751e8b465ee728b)  -> (artifact id: '2ff37e60850fba9839bb00eeb3660c11') in 0.018783 seconds 
========================================================================
Received Import Request.
  Time since last request: 0.000018 seconds.
  path: Assets/Clean Vector Icons/T_8_cursor_heart_al_.png
  artifactKey: Guid(8a683839c9f315c40a5614bea92d3237) Importer(815301076,1909f56bfc062723c751e8b465ee728b)
Start importing Assets/Clean Vector Icons/T_8_cursor_heart_al_.png using Guid(8a683839c9f315c40a5614bea92d3237) Importer(815301076,1909f56bfc062723c751e8b465ee728b)  -> (artifact id: 'c5a15eca3a74f1c925454d7931026d8c') in 0.020386 seconds 
========================================================================
Received Import Request.
  Time since last request: 0.000017 seconds.
  path: Assets/Clean Vector Icons/T_8_pause_.png
  artifactKey: Guid(a1bda28f797f71c4db09f6a0d4af4759) Importer(815301076,1909f56bfc062723c751e8b465ee728b)
Start importing Assets/Clean Vector Icons/T_8_pause_.png using Guid(a1bda28f797f71c4db09f6a0d4af4759) Importer(815301076,1909f56bfc062723c751e8b465ee728b)  -> (artifact id: '86d6d80545646027ba9bd1e14b0cc065') in 0.020981 seconds 
========================================================================
Received Import Request.
  Time since last request: 0.000029 seconds.
  path: Assets/Clean Vector Icons/T_5_sword_.png
  artifactKey: Guid(a59d6029d282ea148bf57966b0c2401e) Importer(815301076,1909f56bfc062723c751e8b465ee728b)
Start importing Assets/Clean Vector Icons/T_5_sword_.png using Guid(a59d6029d282ea148bf57966b0c2401e) Importer(815301076,1909f56bfc062723c751e8b465ee728b)  -> (artifact id: '8c09ba8dfc402b686abac81759c9de1e') in 0.021249 seconds 
========================================================================
Received Import Request.
  Time since last request: 0.000032 seconds.
  path: Assets/Clean Vector Icons/T_4_=_.png
  artifactKey: Guid(815a0f2c406c8284a98a80dff69ff8d8) Importer(815301076,1909f56bfc062723c751e8b465ee728b)
Start importing Assets/Clean Vector Icons/T_4_=_.png using Guid(815a0f2c406c8284a98a80dff69ff8d8) Importer(815301076,1909f56bfc062723c751e8b465ee728b)  -> (artifact id: '5f5b4a143f813f20fe6e466d37bfc76a') in 0.019864 seconds 
========================================================================
Received Import Request.
  Time since last request: 0.000021 seconds.
  path: Assets/Clean Vector Icons/T_3_column_double_cross_.png
  artifactKey: Guid(833d1e8a52d7c8b4f9e8200a08721bdd) Importer(815301076,1909f56bfc062723c751e8b465ee728b)
Start importing Assets/Clean Vector Icons/T_3_column_double_cross_.png using Guid(833d1e8a52d7c8b4f9e8200a08721bdd) Importer(815301076,1909f56bfc062723c751e8b465ee728b)  -> (artifact id: '25eb6910f2a759331370142bcccd8949') in 0.020318 seconds 
========================================================================
Received Import Request.
  Time since last request: 0.000022 seconds.
  path: Assets/Clean Vector Icons/T_3_magnifier_-_.png
  artifactKey: Guid(9a002ad9048368d408f2e7fefe76d729) Importer(815301076,1909f56bfc062723c751e8b465ee728b)
Start importing Assets/Clean Vector Icons/T_3_magnifier_-_.png using Guid(9a002ad9048368d408f2e7fefe76d729) Importer(815301076,1909f56bfc062723c751e8b465ee728b)  -> (artifact id: '3e92148896b8657f45a3df7d77bca548') in 0.019984 seconds 
========================================================================
Received Import Request.
  Time since last request: 0.000032 seconds.
  path: Assets/Clean Vector Icons/T_3_shield_magic_.png
  artifactKey: Guid(b6795c96fef3b01439d1de6a75d33651) Importer(815301076,1909f56bfc062723c751e8b465ee728b)
Start importing Assets/Clean Vector Icons/T_3_shield_magic_.png using Guid(b6795c96fef3b01439d1de6a75d33651) Importer(815301076,1909f56bfc062723c751e8b465ee728b)  -> (artifact id: '2a7b3c7cad63a621d9f8203f64c1315c') in 0.021511 seconds 
========================================================================
Received Import Request.
  Time since last request: 0.000027 seconds.
  path: Assets/Clean Vector Icons/T_1_magnifier_.png
  artifactKey: Guid(4800731ef4eae344c85a8e9b24fb7278) Importer(815301076,1909f56bfc062723c751e8b465ee728b)
Start importing Assets/Clean Vector Icons/T_1_magnifier_.png using Guid(4800731ef4eae344c85a8e9b24fb7278) Importer(815301076,1909f56bfc062723c751e8b465ee728b)  -> (artifact id: 'fcf75d1740c4d99c587e6697a38a22d0') in 0.019809 seconds 
========================================================================
Received Import Request.
  Time since last request: 0.000026 seconds.
  path: Assets/Clean Vector Icons/T_1_sword90_.png
  artifactKey: Guid(5aa0d71d789c93a468898d8acfcf2a09) Importer(815301076,1909f56bfc062723c751e8b465ee728b)
Start importing Assets/Clean Vector Icons/T_1_sword90_.png using Guid(5aa0d71d789c93a468898d8acfcf2a09) Importer(815301076,1909f56bfc062723c751e8b465ee728b)  -> (artifact id: 'eed2a884c5cf5f7a22c0a020980b8662') in 0.021396 seconds 
========================================================================
Received Import Request.
  Time since last request: 0.000019 seconds.
  path: Assets/Clean Vector Icons/T_4_scroll_+_.png
  artifactKey: Guid(99f13d49cb3a1e24cbf97075d80ae0cb) Importer(815301076,1909f56bfc062723c751e8b465ee728b)
Start importing Assets/Clean Vector Icons/T_4_scroll_+_.png using Guid(99f13d49cb3a1e24cbf97075d80ae0cb) Importer(815301076,1909f56bfc062723c751e8b465ee728b)  -> (artifact id: '0c51d1c1f2b5397dc8f417d3f99f880d') in 0.025904 seconds 
========================================================================
Received Import Request.
  Time since last request: 0.000024 seconds.
  path: Assets/Clean Vector Icons/T_1_scroll_.png
  artifactKey: Guid(1a7d8d92597c14148ba14377ca88b60d) Importer(815301076,1909f56bfc062723c751e8b465ee728b)
Start importing Assets/Clean Vector Icons/T_1_scroll_.png using Guid(1a7d8d92597c14148ba14377ca88b60d) Importer(815301076,1909f56bfc062723c751e8b465ee728b)  -> (artifact id: '30d510680ef8d63bc3310436be05179b') in 0.019485 seconds 
========================================================================
Received Import Request.
  Time since last request: 0.000032 seconds.
  path: Assets/Clean Vector Icons/T_3_sun_full_.png
  artifactKey: Guid(afcc21aaa520e9743b7c6ddd2ee73409) Importer(815301076,1909f56bfc062723c751e8b465ee728b)
Start importing Assets/Clean Vector Icons/T_3_sun_full_.png using Guid(afcc21aaa520e9743b7c6ddd2ee73409) Importer(815301076,1909f56bfc062723c751e8b465ee728b)  -> (artifact id: 'dc9875f84335806087866e6716cbb0a9') in 0.020073 seconds 
========================================================================
Received Import Request.
  Time since last request: 0.000031 seconds.
  path: Assets/Clean Vector Icons/T_5_magnifier_eye_crossed_.png
  artifactKey: Guid(aedbd15ce275f33479defa6cc11f2ab9) Importer(815301076,1909f56bfc062723c751e8b465ee728b)
Start importing Assets/Clean Vector Icons/T_5_magnifier_eye_crossed_.png using Guid(aedbd15ce275f33479defa6cc11f2ab9) Importer(815301076,1909f56bfc062723c751e8b465ee728b)  -> (artifact id: 'daa6b46db923d0a6fc8a14863a4edace') in 0.021526 seconds 
========================================================================
Received Import Request.
  Time since last request: 0.000026 seconds.
  path: Assets/Clean Vector Icons/T_6_cursor_devide_al_.png
  artifactKey: Guid(3de84b461969c2b488f545e305d3f08a) Importer(815301076,1909f56bfc062723c751e8b465ee728b)
Start importing Assets/Clean Vector Icons/T_6_cursor_devide_al_.png using Guid(3de84b461969c2b488f545e305d3f08a) Importer(815301076,1909f56bfc062723c751e8b465ee728b)  -> (artifact id: '575e27dc81277294320ff34fe2081a76') in 0.019783 seconds 
========================================================================
Received Import Request.
  Time since last request: 0.000021 seconds.
  path: Assets/Clean Vector Icons/T_1_shield_.png
  artifactKey: Guid(1815ea71c4e799e45b0db8899c240c4a) Importer(815301076,1909f56bfc062723c751e8b465ee728b)
Start importing Assets/Clean Vector Icons/T_1_shield_.png using Guid(1815ea71c4e799e45b0db8899c240c4a) Importer(815301076,1909f56bfc062723c751e8b465ee728b)  -> (artifact id: 'be18e9ba4d7a1dc0e008d26c888dbca2') in 0.020380 seconds 
========================================================================
Received Import Request.
  Time since last request: 0.000019 seconds.
  path: Assets/Clean Vector Icons/T_5_drop_.png
  artifactKey: Guid(6f649aea2852e3b46a8c4386355a2c53) Importer(815301076,1909f56bfc062723c751e8b465ee728b)
Start importing Assets/Clean Vector Icons/T_5_drop_.png using Guid(6f649aea2852e3b46a8c4386355a2c53) Importer(815301076,1909f56bfc062723c751e8b465ee728b)  -> (artifact id: '08d1276aedf18a42327faf4015f5a065') in 0.018754 seconds 
========================================================================
Received Import Request.
  Time since last request: 0.000016 seconds.
  path: Assets/Clean Vector Icons/T_2_bottle_half_.png
  artifactKey: Guid(f816f63babfcb3e4d92c5cd9bb193149) Importer(815301076,1909f56bfc062723c751e8b465ee728b)
Start importing Assets/Clean Vector Icons/T_2_bottle_half_.png using Guid(f816f63babfcb3e4d92c5cd9bb193149) Importer(815301076,1909f56bfc062723c751e8b465ee728b)  -> (artifact id: '4fb6316852180485776f071b7da6ef39') in 0.019089 seconds 
========================================================================
Received Import Request.
  Time since last request: 0.000035 seconds.
  path: Assets/Clean Vector Icons/T_6_barrel_.png
  artifactKey: Guid(fdf81e4514a3ee343842aa1421113184) Importer(815301076,1909f56bfc062723c751e8b465ee728b)
Start importing Assets/Clean Vector Icons/T_6_barrel_.png using Guid(fdf81e4514a3ee343842aa1421113184) Importer(815301076,1909f56bfc062723c751e8b465ee728b)  -> (artifact id: '17dc0427c57f22145cf3f6f7df1d1401') in 0.020655 seconds 
========================================================================
Received Import Request.
  Time since last request: 0.000023 seconds.
  path: Assets/Clean Vector Icons/T_5_x_.png
  artifactKey: Guid(a3580baf4cda17643bebcd843ca5881f) Importer(815301076,1909f56bfc062723c751e8b465ee728b)
Start importing Assets/Clean Vector Icons/T_5_x_.png using Guid(a3580baf4cda17643bebcd843ca5881f) Importer(815301076,1909f56bfc062723c751e8b465ee728b)  -> (artifact id: '26e82d45588844fce0246248de742834') in 0.019453 seconds 
========================================================================
Received Import Request.
  Time since last request: 0.000021 seconds.
  path: Assets/Clean Vector Icons/T_8_plant2_.png
  artifactKey: Guid(434b9ec91260129489414ae404c6e3fc) Importer(815301076,1909f56bfc062723c751e8b465ee728b)
Start importing Assets/Clean Vector Icons/T_8_plant2_.png using Guid(434b9ec91260129489414ae404c6e3fc) Importer(815301076,1909f56bfc062723c751e8b465ee728b)  -> (artifact id: '3fa33a533d607e6e8368bb19809312f3') in 0.018290 seconds 
========================================================================
Received Import Request.
  Time since last request: 0.000022 seconds.
  path: Assets/Clean Vector Icons/T_4_arrow_empty_right_.png
  artifactKey: Guid(de328077ad8c9594c9ec3cf1023b25fe) Importer(815301076,1909f56bfc062723c751e8b465ee728b)
Start importing Assets/Clean Vector Icons/T_4_arrow_empty_right_.png using Guid(de328077ad8c9594c9ec3cf1023b25fe) Importer(815301076,1909f56bfc062723c751e8b465ee728b)  -> (artifact id: 'e140ed83d786950035ba59f7a39d0eec') in 0.018210 seconds 
========================================================================
Received Import Request.
  Time since last request: 0.000020 seconds.
  path: Assets/Clean Vector Icons/T_3_head_wiking_.png
  artifactKey: Guid(ae7785f19cc193a4d9ab24c58d63be2e) Importer(815301076,1909f56bfc062723c751e8b465ee728b)
Start importing Assets/Clean Vector Icons/T_3_head_wiking_.png using Guid(ae7785f19cc193a4d9ab24c58d63be2e) Importer(815301076,1909f56bfc062723c751e8b465ee728b)  -> (artifact id: 'bdad8c2df09cde2cd032bf450039d349') in 0.020833 seconds 
========================================================================
Received Import Request.
  Time since last request: 0.000027 seconds.
  path: Assets/Clean Vector Icons/T_1_letter_.png
  artifactKey: Guid(8192f26646a0a92499a7503ccacae72d) Importer(815301076,1909f56bfc062723c751e8b465ee728b)
Start importing Assets/Clean Vector Icons/T_1_letter_.png using Guid(8192f26646a0a92499a7503ccacae72d) Importer(815301076,1909f56bfc062723c751e8b465ee728b)  -> (artifact id: '7ef03a8b305d6e4aec57faabc7d38295') in 0.019439 seconds 
========================================================================
Received Import Request.
  Time since last request: 0.000025 seconds.
  path: Assets/Clean Vector Icons/T_6_devide_.png
  artifactKey: Guid(071a5d518c1fc4841838c36485123b3b) Importer(815301076,1909f56bfc062723c751e8b465ee728b)
Start importing Assets/Clean Vector Icons/T_6_devide_.png using Guid(071a5d518c1fc4841838c36485123b3b) Importer(815301076,1909f56bfc062723c751e8b465ee728b)  -> (artifact id: '15d72d1be8c429cb757179a3b5b85b71') in 0.022412 seconds 
========================================================================
Received Import Request.
  Time since last request: 0.000028 seconds.
  path: Assets/Clean Vector Icons/T_2_arrow_empty_down_.png
  artifactKey: Guid(85a96536cdeba7e46b4a254c6c705151) Importer(815301076,1909f56bfc062723c751e8b465ee728b)
Start importing Assets/Clean Vector Icons/T_2_arrow_empty_down_.png using Guid(85a96536cdeba7e46b4a254c6c705151) Importer(815301076,1909f56bfc062723c751e8b465ee728b)  -> (artifact id: '350f1ed82e5c6910b02029d6f6ed973c') in 0.019276 seconds 
========================================================================
Received Import Request.
  Time since last request: 0.000017 seconds.
  path: Assets/Clean Vector Icons/T_2_moon_empty_.png
  artifactKey: Guid(679b077591a3b44429e6d0cb3b000386) Importer(815301076,1909f56bfc062723c751e8b465ee728b)
Start importing Assets/Clean Vector Icons/T_2_moon_empty_.png using Guid(679b077591a3b44429e6d0cb3b000386) Importer(815301076,1909f56bfc062723c751e8b465ee728b)  -> (artifact id: 'f9e99ec4fcef13c521fc02519a1dfde4') in 0.019224 seconds 
